SF:lib/src/features/vitals/domain/usecases/usecase_save_vitals.dart
DA:15,1
DA:17,1
DA:19,2
DA:21,3
DA:22,1
DA:25,2
DA:26,1
DA:27,1
LF:8
LH:8
end_of_record
SF:lib/src/features/vitals/data/requests/request_vitals.dart
DA:11,1
DA:18,0
DA:19,0
DA:20,0
DA:21,0
DA:22,0
DA:23,0
DA:24,0
DA:28,0
DA:29,0
LF:10
LH:1
end_of_record
SF:lib/src/features/vitals/domain/entities/vitals_entity.dart
DA:12,1
DA:22,0
DA:23,0
DA:24,0
DA:25,0
DA:26,0
DA:27,0
DA:28,0
DA:29,0
DA:32,0
DA:33,0
DA:34,0
DA:35,0
DA:36,0
DA:37,0
DA:38,0
DA:39,0
DA:40,0
DA:44,0
DA:45,0
LF:20
LH:1
end_of_record
SF:lib/src/core/data/models/api_response.dart
DA:12,1
DA:20,0
DA:24,0
DA:25,0
DA:26,0
DA:27,0
DA:28,0
DA:29,0
LF:8
LH:1
end_of_record
SF:lib/src/core/data/models/failure.dart
DA:5,1
LF:1
LH:1
end_of_record
SF:lib/src/core/data/models/api_filter.dart
DA:9,0
DA:15,0
DA:16,0
DA:17,0
DA:18,0
DA:28,0
DA:34,0
DA:35,0
DA:36,0
DA:37,0
DA:38,0
DA:47,0
DA:49,0
DA:50,0
DA:51,0
DA:52,0
LF:16
LH:0
end_of_record
SF:lib/src/core/data/models/meta.dart
DA:10,0
DA:20,0
DA:21,0
DA:22,0
DA:23,0
DA:24,0
DA:25,0
DA:26,0
DA:27,0
DA:30,0
DA:31,0
DA:32,0
DA:33,0
DA:34,0
DA:35,0
DA:36,0
DA:37,0
DA:38,0
LF:18
LH:0
end_of_record
SF:lib/src/core/utils/helpers/format_helper.dart
DA:4,0
DA:6,0
DA:7,0
DA:8,0
DA:9,0
DA:10,0
DA:13,0
DA:15,0
DA:18,0
DA:19,0
DA:22,0
DA:23,0
DA:24,0
DA:25,0
DA:28,0
DA:30,0
DA:31,0
LF:17
LH:0
end_of_record
SF:lib/src/features/device/data/requests/request_register_device.dart
DA:9,0
DA:18,0
DA:19,0
DA:20,0
DA:21,0
DA:22,0
DA:23,0
DA:24,0
DA:25,0
LF:9
LH:0
end_of_record
SF:lib/src/features/device/domain/entities/device_entity.dart
DA:11,0
DA:22,0
DA:23,0
DA:24,0
DA:25,0
DA:26,0
DA:27,0
DA:28,0
DA:29,0
DA:30,0
DA:33,0
DA:34,0
DA:35,0
DA:36,0
DA:37,0
DA:38,0
DA:39,0
DA:40,0
DA:41,0
DA:42,0
LF:20
LH:0
end_of_record
